[2024-06-08 14:44:18] START
[2024-06-08 14:46:13] EDIT SimpleClock/controllers/default.py: 1
[2024-06-08 14:47:25] CREATE default.html: 0
[2024-06-08 14:47:58] DELETE SimpleClock/views/default.html: -3
[2024-06-08 14:51:54] EDIT SimpleClock/views/default/index.html: -5
[2024-06-08 14:52:45] EDIT SimpleClock/controllers/default.py: 3
[2024-06-08 14:52:47] EDIT SimpleClock/controllers/default.py: 0
[2024-06-08 14:56:22] EDIT SimpleClock/views/default/index.html: 60
[2024-06-08 14:56:48] EDIT SimpleClock/controllers/default.py: 0
[2024-06-08 14:59:28] EDIT SimpleClock/views/default/index.html: 42
[2024-06-08 15:02:36] EDIT SimpleClock/views/default/index.html: 1
[2024-06-08 15:04:08] EDIT SimpleClock/views/default/index.html: 0
[2024-06-08 15:04:53] EDIT SimpleClock/views/default/index.html: 0
[2024-06-08 15:05:14] EDIT SimpleClock/views/default/index.html: 0
[2024-06-08 15:05:25] EDIT SimpleClock/views/default/index.html: 0
[2024-06-08 15:06:57] EDIT SimpleClock/views/default/index.html: 0
[2024-06-08 15:07:30] EDIT SimpleClock/views/default/index.html: 0
[2024-06-08 15:07:40] EDIT SimpleClock/views/default/index.html: 0
[2024-06-08 15:07:46] EDIT SimpleClock/views/default/index.html: 0
[2024-06-08 15:08:00] EDIT SimpleClock/views/default/index.html: 0
[2024-06-08 15:08:23] EDIT SimpleClock/views/default/index.html: 0
[2024-06-08 15:11:51] EDIT SimpleClock/views/default/index.html: 15
[2024-06-08 15:14:38] EDIT SimpleClock/views/default/index.html: 1
[2024-06-08 16:02:45] EDIT SimpleClock/views/default/index.html: 0
[2024-06-08 16:03:23] EDIT SimpleClock/views/default/index.html: 0
[2024-06-08 16:03:25] EDIT SimpleClock/views/default/index.html: 0
[2024-06-08 16:04:38] EDIT SimpleClock/views/default/index.html: 1
[2024-06-08 16:04:58] EDIT SimpleClock/views/default/index.html: 0
[2024-06-08 16:05:03] EDIT SimpleClock/views/default/index.html: 0
[2024-06-08 16:05:04] EDIT SimpleClock/views/default/index.html: 0
[2024-06-08 16:05:04] EDIT SimpleClock/views/default/index.html: 0
[2024-06-08 17:06:29] EDIT SimpleClock/views/default/index.html: 0
[2024-06-08 17:07:08] EDIT SimpleClock/views/default/index.html: 0
[2024-06-08 17:07:17] EDIT SimpleClock/views/default/index.html: 0
[2024-06-08 17:09:34] EDIT SimpleClock/views/default/index.html: 0
[2024-06-08 17:10:32] EDIT SimpleClock/views/default/index.html: 0
[2024-06-08 17:11:55] EDIT SimpleClock/views/default/index.html: 0
[2024-06-08 17:12:27] EDIT SimpleClock/views/default/index.html: 0
[2024-06-08 17:12:43] EDIT SimpleClock/views/default/index.html: 0
[2024-06-08 17:13:03] EDIT SimpleClock/views/default/index.html: 0
[2024-06-08 17:13:11] EDIT SimpleClock/views/default/index.html: 0
[2024-06-08 17:14:50] EDIT SimpleClock/views/default/index.html: 8
[2024-06-08 17:15:35] EDIT SimpleClock/views/default/index.html: 1
[2024-06-08 17:15:53] EDIT SimpleClock/views/default/index.html: 0
[2024-06-08 17:16:43] EDIT SimpleClock/views/default/index.html: 0
[2024-06-08 17:20:12] EDIT SimpleClock/views/default/index.html: 0
[2024-06-08 17:36:10] EDIT SimpleClock/controllers/default.py: -38
[2024-06-08 17:39:10] EDIT SimpleClock/views/default/index.html: 12
